2025-04-29 20:29:23,029 [INFO] Websocket connected
2025-04-29 20:29:24,524 [INFO] Hyperliquid trader initialized with config: config.json
2025-04-29 20:29:24,524 [INFO] Using signals directory: ..\signals
2025-04-29 20:29:24,524 [INFO] Using TESTNET
2025-04-29 20:29:24,524 [INFO] Starting Hyperliquid trader
2025-04-29 20:29:24,718 [ERROR] Error getting account info: object dict can't be used in 'await' expression
Traceback (most recent call last):
  File "C:\Users\Kolton\Desktop\rust_projects\python\hyperliquid_trader.py", line 113, in print_account_info
    spot = await self.info.spot_user_state(self.address)
           ^^^^^^^^^^^^^^^^^^^^^^^^^^^^^^^^^^^^^^^^^^^^^
TypeError: object dict can't be used in 'await' expression
2025-04-29 20:29:24,720 [ERROR] Error in trading loop: 'Info' object has no attribute 'user_positions'
Traceback (most recent call last):
  File "C:\Users\Kolton\Desktop\rust_projects\python\hyperliquid_trader.py", line 97, in start
    await self.process_signals()
  File "C:\Users\Kolton\Desktop\rust_projects\python\hyperliquid_trader.py", line 229, in process_signals
    current_positions = await self.info.user_positions(self.address)
                              ^^^^^^^^^^^^^^^^^^^^^^^^
AttributeError: 'Info' object has no attribute 'user_positions'
2025-04-29 20:29:29,723 [ERROR] Error in trading loop: 'Info' object has no attribute 'user_positions'
Traceback (most recent call last):
  File "C:\Users\Kolton\Desktop\rust_projects\python\hyperliquid_trader.py", line 97, in start
    await self.process_signals()
  File "C:\Users\Kolton\Desktop\rust_projects\python\hyperliquid_trader.py", line 229, in process_signals
    current_positions = await self.info.user_positions(self.address)
                              ^^^^^^^^^^^^^^^^^^^^^^^^
AttributeError: 'Info' object has no attribute 'user_positions'
2025-04-29 20:29:34,734 [ERROR] Error in trading loop: 'Info' object has no attribute 'user_positions'
Traceback (most recent call last):
  File "C:\Users\Kolton\Desktop\rust_projects\python\hyperliquid_trader.py", line 97, in start
    await self.process_signals()
  File "C:\Users\Kolton\Desktop\rust_projects\python\hyperliquid_trader.py", line 229, in process_signals
    current_positions = await self.info.user_positions(self.address)
                              ^^^^^^^^^^^^^^^^^^^^^^^^
AttributeError: 'Info' object has no attribute 'user_positions'
2025-04-29 20:29:39,745 [ERROR] Error in trading loop: 'Info' object has no attribute 'user_positions'
Traceback (most recent call last):
  File "C:\Users\Kolton\Desktop\rust_projects\python\hyperliquid_trader.py", line 97, in start
    await self.process_signals()
  File "C:\Users\Kolton\Desktop\rust_projects\python\hyperliquid_trader.py", line 229, in process_signals
    current_positions = await self.info.user_positions(self.address)
                              ^^^^^^^^^^^^^^^^^^^^^^^^
AttributeError: 'Info' object has no attribute 'user_positions'
2025-04-29 20:29:44,762 [ERROR] Error in trading loop: 'Info' object has no attribute 'user_positions'
Traceback (most recent call last):
  File "C:\Users\Kolton\Desktop\rust_projects\python\hyperliquid_trader.py", line 97, in start
    await self.process_signals()
  File "C:\Users\Kolton\Desktop\rust_projects\python\hyperliquid_trader.py", line 229, in process_signals
    current_positions = await self.info.user_positions(self.address)
                              ^^^^^^^^^^^^^^^^^^^^^^^^
AttributeError: 'Info' object has no attribute 'user_positions'
2025-04-29 20:29:49,767 [ERROR] Error in trading loop: 'Info' object has no attribute 'user_positions'
Traceback (most recent call last):
  File "C:\Users\Kolton\Desktop\rust_projects\python\hyperliquid_trader.py", line 97, in start
    await self.process_signals()
  File "C:\Users\Kolton\Desktop\rust_projects\python\hyperliquid_trader.py", line 229, in process_signals
    current_positions = await self.info.user_positions(self.address)
                              ^^^^^^^^^^^^^^^^^^^^^^^^
AttributeError: 'Info' object has no attribute 'user_positions'
2025-04-29 20:29:54,786 [ERROR] Error in trading loop: 'Info' object has no attribute 'user_positions'
Traceback (most recent call last):
  File "C:\Users\Kolton\Desktop\rust_projects\python\hyperliquid_trader.py", line 97, in start
    await self.process_signals()
  File "C:\Users\Kolton\Desktop\rust_projects\python\hyperliquid_trader.py", line 229, in process_signals
    current_positions = await self.info.user_positions(self.address)
                              ^^^^^^^^^^^^^^^^^^^^^^^^
AttributeError: 'Info' object has no attribute 'user_positions'
2025-04-29 20:30:17,438 [INFO] Websocket connected
2025-04-29 20:30:18,797 [INFO] Hyperliquid trader initialized with config: config.json
2025-04-29 20:30:18,798 [INFO] Using signals directory: ..\signals
2025-04-29 20:30:18,798 [INFO] Using TESTNET
2025-04-29 20:30:18,798 [INFO] Starting Hyperliquid trader
2025-04-29 20:30:19,128 [ERROR] Error getting account info: object dict can't be used in 'await' expression
Traceback (most recent call last):
  File "C:\Users\Kolton\Desktop\rust_projects\python\hyperliquid_trader.py", line 113, in print_account_info
    spot = await self.info.spot_user_state(self.address)
           ^^^^^^^^^^^^^^^^^^^^^^^^^^^^^^^^^^^^^^^^^^^^^
TypeError: object dict can't be used in 'await' expression
2025-04-29 20:30:19,131 [ERROR] Error in trading loop: 'Info' object has no attribute 'user_positions'
Traceback (most recent call last):
  File "C:\Users\Kolton\Desktop\rust_projects\python\hyperliquid_trader.py", line 97, in start
    await self.process_signals()
  File "C:\Users\Kolton\Desktop\rust_projects\python\hyperliquid_trader.py", line 229, in process_signals
    current_positions = await self.info.user_positions(self.address)
                              ^^^^^^^^^^^^^^^^^^^^^^^^
AttributeError: 'Info' object has no attribute 'user_positions'
2025-04-29 20:35:52,687 [INFO] Websocket connected
2025-04-29 20:35:54,128 [INFO] Hyperliquid trader initialized with config: config.json
2025-04-29 20:35:54,128 [INFO] Using signals directory: ..\signals
2025-04-29 20:35:54,128 [INFO] Using TESTNET
2025-04-29 20:35:54,128 [INFO] Starting Hyperliquid trader
2025-04-29 20:35:54,128 [INFO] Attempting to retrieve account information...
2025-04-29 20:35:54,308 [WARNING] Unable to get spot balance: object dict can't be used in 'await' expression
2025-04-29 20:35:54,503 [WARNING] Unable to get perps account info: object dict can't be used in 'await' expression
2025-04-29 20:35:54,682 [WARNING] Unable to get positions: object dict can't be used in 'await' expression
2025-04-29 20:35:55,009 [WARNING] Error getting positions from API, using internal tracking: object dict can't be used in 'await' expression
2025-04-29 20:35:55,009 [INFO] Symbols with existing positions: set()
2025-04-29 20:35:55,010 [ERROR] Error processing signal ..\signals\BTC_Long_1745979880.json: can't subtract offset-naive and offset-aware datetimes
Traceback (most recent call last):
  File "C:\Users\Kolton\Desktop\rust_projects\python\hyperliquid_trader.py", line 316, in process_signals
    age_minutes = (datetime.now() - signal_time).total_seconds() / 60
                   ~~~~~~~~~~~~~~~^~~~~~~~~~~~~
TypeError: can't subtract offset-naive and offset-aware datetimes
2025-04-29 20:35:56,342 [WARNING] Error getting positions from API, using internal tracking: object dict can't be used in 'await' expression
2025-04-29 20:35:56,342 [INFO] Symbols with existing positions: set()
2025-04-29 20:35:56,342 [ERROR] Error processing signal ..\signals\BTC_Long_1745979880.json: can't subtract offset-naive and offset-aware datetimes
Traceback (most recent call last):
  File "C:\Users\Kolton\Desktop\rust_projects\python\hyperliquid_trader.py", line 316, in process_signals
    age_minutes = (datetime.now() - signal_time).total_seconds() / 60
                   ~~~~~~~~~~~~~~~^~~~~~~~~~~~~
TypeError: can't subtract offset-naive and offset-aware datetimes
2025-04-29 20:35:57,529 [WARNING] Error getting positions from API, using internal tracking: object dict can't be used in 'await' expression
2025-04-29 20:35:57,529 [INFO] Symbols with existing positions: set()
2025-04-29 20:35:57,529 [ERROR] Error processing signal ..\signals\BTC_Long_1745979880.json: can't subtract offset-naive and offset-aware datetimes
Traceback (most recent call last):
  File "C:\Users\Kolton\Desktop\rust_projects\python\hyperliquid_trader.py", line 316, in process_signals
    age_minutes = (datetime.now() - signal_time).total_seconds() / 60
                   ~~~~~~~~~~~~~~~^~~~~~~~~~~~~
TypeError: can't subtract offset-naive and offset-aware datetimes
2025-04-29 20:35:58,720 [WARNING] Error getting positions from API, using internal tracking: object dict can't be used in 'await' expression
2025-04-29 20:35:58,721 [INFO] Symbols with existing positions: set()
2025-04-29 20:35:58,722 [ERROR] Error processing signal ..\signals\BTC_Long_1745979880.json: can't subtract offset-naive and offset-aware datetimes
Traceback (most recent call last):
  File "C:\Users\Kolton\Desktop\rust_projects\python\hyperliquid_trader.py", line 316, in process_signals
    age_minutes = (datetime.now() - signal_time).total_seconds() / 60
                   ~~~~~~~~~~~~~~~^~~~~~~~~~~~~
TypeError: can't subtract offset-naive and offset-aware datetimes
2025-04-29 20:39:31,483 [INFO] Websocket connected
2025-04-29 20:39:33,542 [INFO] Hyperliquid trader initialized with config: config.json
2025-04-29 20:39:33,543 [INFO] Using signals directory: ..\signals
2025-04-29 20:39:33,543 [INFO] Using TESTNET
2025-04-29 20:39:33,543 [INFO] Starting Hyperliquid trader
2025-04-29 20:39:33,543 [INFO] Attempting to retrieve account information...
2025-04-29 20:39:33,729 [INFO] Spot USDC Available: $59.93
2025-04-29 20:39:33,916 [INFO] Perps Withdrawable: $705.21
2025-04-29 20:39:33,917 [INFO] Account Value: $705.21
2025-04-29 20:39:33,917 [INFO] Maintenance Margin: $0.00
2025-04-29 20:39:33,917 [WARNING] Unable to get positions: 'Info' object has no attribute 'user_positions'
2025-04-29 20:39:34,102 [INFO] Symbols with existing positions: set()
2025-04-29 20:39:34,102 [WARNING] Signal BTC_Long_1745979880.json is too old (14.9 min). Archiving.
2025-04-29 20:43:54,895 [INFO] Websocket connected
2025-04-29 20:43:56,356 [INFO] Hyperliquid trader initialized with config: config.json
2025-04-29 20:43:56,356 [INFO] Using signals directory: ..\signals
2025-04-29 20:43:56,356 [INFO] Using TESTNET
2025-04-29 20:43:56,357 [INFO] Available info methods:
2025-04-29 20:43:56,357 [INFO]   - all_mids
2025-04-29 20:43:56,357 [INFO]   - asset_to_sz_decimals
2025-04-29 20:43:56,357 [INFO]   - base_url
2025-04-29 20:43:56,357 [INFO]   - candles_snapshot
2025-04-29 20:43:56,357 [INFO]   - coin_to_asset
2025-04-29 20:43:56,357 [INFO]   - disconnect_websocket
2025-04-29 20:43:56,358 [INFO]   - frontend_open_orders
2025-04-29 20:43:56,358 [INFO]   - funding_history
2025-04-29 20:43:56,358 [INFO]   - l2_snapshot
2025-04-29 20:43:56,358 [INFO]   - meta
2025-04-29 20:43:56,358 [INFO]   - meta_and_asset_ctxs
2025-04-29 20:43:56,358 [INFO]   - name_to_asset
2025-04-29 20:43:56,358 [INFO]   - name_to_coin
2025-04-29 20:43:56,358 [INFO]   - open_orders
2025-04-29 20:43:56,358 [INFO]   - post
2025-04-29 20:43:56,358 [INFO]   - query_order_by_cloid
2025-04-29 20:43:56,358 [INFO]   - query_order_by_oid
2025-04-29 20:43:56,358 [INFO]   - query_referral_state
2025-04-29 20:43:56,358 [INFO]   - query_sub_accounts
2025-04-29 20:43:56,359 [INFO]   - query_user_to_multi_sig_signers
2025-04-29 20:43:56,359 [INFO]   - session
2025-04-29 20:43:56,359 [INFO]   - spot_meta
2025-04-29 20:43:56,359 [INFO]   - spot_meta_and_asset_ctxs
2025-04-29 20:43:56,359 [INFO]   - spot_user_state
2025-04-29 20:43:56,359 [INFO]   - subscribe
2025-04-29 20:43:56,359 [INFO]   - unsubscribe
2025-04-29 20:43:56,359 [INFO]   - user_fees
2025-04-29 20:43:56,359 [INFO]   - user_fills
2025-04-29 20:43:56,360 [INFO]   - user_fills_by_time
2025-04-29 20:43:56,360 [INFO]   - user_funding_history
2025-04-29 20:43:56,360 [INFO]   - user_staking_delegations
2025-04-29 20:43:56,360 [INFO]   - user_staking_rewards
2025-04-29 20:43:56,360 [INFO]   - user_staking_summary
2025-04-29 20:43:56,361 [INFO]   - user_state
2025-04-29 20:43:56,361 [INFO]   - ws_manager
2025-04-29 20:43:56,361 [INFO] Available exchange methods:
2025-04-29 20:43:56,361 [INFO]   - DEFAULT_SLIPPAGE
2025-04-29 20:43:56,361 [INFO]   - account_address
2025-04-29 20:43:56,363 [INFO]   - approve_agent
2025-04-29 20:43:56,363 [INFO]   - approve_builder_fee
2025-04-29 20:43:56,363 [INFO]   - base_url
2025-04-29 20:43:56,363 [INFO]   - bulk_cancel
2025-04-29 20:43:56,363 [INFO]   - bulk_cancel_by_cloid
2025-04-29 20:43:56,364 [INFO]   - bulk_modify_orders_new
2025-04-29 20:43:56,364 [INFO]   - bulk_orders
2025-04-29 20:43:56,364 [INFO]   - cancel
2025-04-29 20:43:56,364 [INFO]   - cancel_by_cloid
2025-04-29 20:43:56,364 [INFO]   - convert_to_multi_sig_user
2025-04-29 20:43:56,364 [INFO]   - create_sub_account
2025-04-29 20:43:56,364 [INFO]   - expires_after
2025-04-29 20:43:56,365 [INFO]   - info
2025-04-29 20:43:56,365 [INFO]   - market_close
2025-04-29 20:43:56,365 [INFO]   - market_open
2025-04-29 20:43:56,365 [INFO]   - modify_order
2025-04-29 20:43:56,365 [INFO]   - multi_sig
2025-04-29 20:43:56,365 [INFO]   - order
2025-04-29 20:43:56,365 [INFO]   - post
2025-04-29 20:43:56,365 [INFO]   - schedule_cancel
2025-04-29 20:43:56,365 [INFO]   - session
2025-04-29 20:43:56,365 [INFO]   - set_expires_after
2025-04-29 20:43:56,365 [INFO]   - set_referrer
2025-04-29 20:43:56,366 [INFO]   - spot_deploy_enable_freeze_privilege
2025-04-29 20:43:56,366 [INFO]   - spot_deploy_freeze_user
2025-04-29 20:43:56,366 [INFO]   - spot_deploy_genesis
2025-04-29 20:43:56,366 [INFO]   - spot_deploy_register_hyperliquidity
2025-04-29 20:43:56,366 [INFO]   - spot_deploy_register_spot
2025-04-29 20:43:56,366 [INFO]   - spot_deploy_register_token
2025-04-29 20:43:56,366 [INFO]   - spot_deploy_revoke_freeze_privilege
2025-04-29 20:43:56,366 [INFO]   - spot_deploy_set_deployer_trading_fee_share
2025-04-29 20:43:56,366 [INFO]   - spot_deploy_user_genesis
2025-04-29 20:43:56,366 [INFO]   - spot_transfer
2025-04-29 20:43:56,366 [INFO]   - sub_account_spot_transfer
2025-04-29 20:43:56,366 [INFO]   - sub_account_transfer
2025-04-29 20:43:56,366 [INFO]   - update_isolated_margin
2025-04-29 20:43:56,366 [INFO]   - update_leverage
2025-04-29 20:43:56,366 [INFO]   - usd_class_transfer
2025-04-29 20:43:56,367 [INFO]   - usd_transfer
2025-04-29 20:43:56,367 [INFO]   - use_big_blocks
2025-04-29 20:43:56,367 [INFO]   - vault_address
2025-04-29 20:43:56,367 [INFO]   - vault_usd_transfer
2025-04-29 20:43:56,367 [INFO]   - wallet
2025-04-29 20:43:56,367 [INFO]   - withdraw_from_bridge
2025-04-29 20:43:56,367 [INFO] Starting Hyperliquid trader
2025-04-29 20:43:56,367 [INFO] Attempting to retrieve account information...
2025-04-29 20:43:56,368 [INFO] Info methods:
2025-04-29 20:43:56,368 [INFO]   - all_mids
2025-04-29 20:43:56,368 [INFO]   - asset_to_sz_decimals
2025-04-29 20:43:56,368 [INFO]   - base_url
2025-04-29 20:43:56,368 [INFO]   - candles_snapshot
2025-04-29 20:43:56,368 [INFO]   - coin_to_asset
2025-04-29 20:43:56,368 [INFO]   - disconnect_websocket
2025-04-29 20:43:56,368 [INFO]   - frontend_open_orders
2025-04-29 20:43:56,368 [INFO]   - funding_history
2025-04-29 20:43:56,369 [INFO]   - l2_snapshot
2025-04-29 20:43:56,369 [INFO]   - meta
2025-04-29 20:43:56,369 [INFO]   - meta_and_asset_ctxs
2025-04-29 20:43:56,369 [INFO]   - name_to_asset
2025-04-29 20:43:56,369 [INFO]   - name_to_coin
2025-04-29 20:43:56,369 [INFO]   - open_orders
2025-04-29 20:43:56,369 [INFO]   - post
2025-04-29 20:43:56,369 [INFO]   - query_order_by_cloid
2025-04-29 20:43:56,369 [INFO]   - query_order_by_oid
2025-04-29 20:43:56,369 [INFO]   - query_referral_state
2025-04-29 20:43:56,369 [INFO]   - query_sub_accounts
2025-04-29 20:43:56,369 [INFO]   - query_user_to_multi_sig_signers
2025-04-29 20:43:56,369 [INFO]   - session
2025-04-29 20:43:56,370 [INFO]   - spot_meta
2025-04-29 20:43:56,370 [INFO]   - spot_meta_and_asset_ctxs
2025-04-29 20:43:56,370 [INFO]   - spot_user_state
2025-04-29 20:43:56,370 [INFO]   - subscribe
2025-04-29 20:43:56,370 [INFO]   - unsubscribe
2025-04-29 20:43:56,370 [INFO]   - user_fees
2025-04-29 20:43:56,370 [INFO]   - user_fills
2025-04-29 20:43:56,370 [INFO]   - user_fills_by_time
2025-04-29 20:43:56,370 [INFO]   - user_funding_history
2025-04-29 20:43:56,370 [INFO]   - user_staking_delegations
2025-04-29 20:43:56,370 [INFO]   - user_staking_rewards
2025-04-29 20:43:56,370 [INFO]   - user_staking_summary
2025-04-29 20:43:56,370 [INFO]   - user_state
2025-04-29 20:43:56,371 [INFO]   - ws_manager
2025-04-29 20:43:56,708 [INFO] SPOT USER STATE - FULL RESPONSE:
2025-04-29 20:43:56,708 [INFO] { 'balances': [ { 'coin': 'USDC',
                  'entryNtl': '0.0',
                  'hold': '0.0',
                  'token': 0,
                  'total': '59.93'}]}
2025-04-29 20:43:56,708 [INFO] Spot USDC Available: $59.93
2025-04-29 20:43:56,912 [INFO] USER STATE - FULL RESPONSE:
2025-04-29 20:43:56,913 [INFO] { 'assetPositions': [],
  'crossMaintenanceMarginUsed': '0.0',
  'crossMarginSummary': { 'accountValue': '705.211947',
                          'totalMarginUsed': '0.0',
                          'totalNtlPos': '0.0',
                          'totalRawUsd': '705.211947'},
  'marginSummary': { 'accountValue': '705.211947',
                     'totalMarginUsed': '0.0',
                     'totalNtlPos': '0.0',
                     'totalRawUsd': '705.211947'},
  'time': 1745981036819,
  'withdrawable': '705.211947'}
2025-04-29 20:43:56,913 [INFO] Perps Withdrawable: $705.21
2025-04-29 20:43:56,913 [INFO] Account Value: $705.21
2025-04-29 20:43:56,913 [INFO] Maintenance Margin: $0.00
2025-04-29 20:43:56,913 [INFO] POSITIONS FROM USER STATE:
2025-04-29 20:43:56,913 [INFO] []
2025-04-29 20:43:56,913 [WARNING] user_positions method not available
2025-04-29 20:43:56,913 [WARNING] positions method not available
2025-04-29 20:43:56,913 [WARNING] all_positions method not available
2025-04-29 20:43:56,913 [INFO] Trying open_orders method...
2025-04-29 20:43:57,250 [INFO] OPEN_ORDERS - FULL RESPONSE:
2025-04-29 20:43:57,250 [INFO] []
2025-04-29 20:43:57,250 [INFO] Trying meta method...
2025-04-29 20:43:57,435 [INFO] META - FULL RESPONSE (first 1000 chars):
2025-04-29 20:43:57,441 [INFO] { 'marginTables': [ [ 50,
                      { 'description': '',
                        'marginTiers': [ { 'lowerBound': '0.0',
                                           'maxLeverage': 50}]}],
                    [ 51,
                      { 'description': 'test 50x',
                        'marginTiers': [ { 'lowerBound': '0.0',
                                           'maxLeverage': 50},
                                         { 'lowerBound': '10000.0',
                                           'maxLeverage': 20},
                                         { 'lowerBound': '100000.0',
                                           'maxLeverage': 5}]}]],
  'universe': [ { 'marginTableId': 10,
                  'maxLeverage': 10,
                  'name': 'SOL',
                  'szDecimals': 2},
                { 'marginTableId': 3,
                  'maxLeverage': 3,
                  'name': 'APT',
                  'szDecimals': 2},
                { 'marginTableId': 50,
    ...
2025-04-29 20:43:57,441 [WARNING] ticker method not available
2025-04-29 20:44:52,209 [INFO] Websocket connected
2025-04-29 20:44:53,625 [INFO] Hyperliquid trader initialized with config: config.json
2025-04-29 20:44:53,625 [INFO] Using signals directory: ..\signals
2025-04-29 20:44:53,626 [INFO] Using TESTNET
2025-04-29 20:44:53,626 [INFO] Available info methods:
2025-04-29 20:44:53,626 [INFO]   - all_mids
2025-04-29 20:44:53,626 [INFO]   - asset_to_sz_decimals
2025-04-29 20:44:53,626 [INFO]   - base_url
2025-04-29 20:44:53,626 [INFO]   - candles_snapshot
2025-04-29 20:44:53,626 [INFO]   - coin_to_asset
2025-04-29 20:44:53,626 [INFO]   - disconnect_websocket
2025-04-29 20:44:53,626 [INFO]   - frontend_open_orders
2025-04-29 20:44:53,626 [INFO]   - funding_history
2025-04-29 20:44:53,626 [INFO]   - l2_snapshot
2025-04-29 20:44:53,626 [INFO]   - meta
2025-04-29 20:44:53,626 [INFO]   - meta_and_asset_ctxs
2025-04-29 20:44:53,626 [INFO]   - name_to_asset
2025-04-29 20:44:53,626 [INFO]   - name_to_coin
2025-04-29 20:44:53,626 [INFO]   - open_orders
2025-04-29 20:44:53,626 [INFO]   - post
2025-04-29 20:44:53,626 [INFO]   - query_order_by_cloid
2025-04-29 20:44:53,626 [INFO]   - query_order_by_oid
2025-04-29 20:44:53,626 [INFO]   - query_referral_state
2025-04-29 20:44:53,626 [INFO]   - query_sub_accounts
2025-04-29 20:44:53,626 [INFO]   - query_user_to_multi_sig_signers
2025-04-29 20:44:53,627 [INFO]   - session
2025-04-29 20:44:53,627 [INFO]   - spot_meta
2025-04-29 20:44:53,627 [INFO]   - spot_meta_and_asset_ctxs
2025-04-29 20:44:53,627 [INFO]   - spot_user_state
2025-04-29 20:44:53,627 [INFO]   - subscribe
2025-04-29 20:44:53,627 [INFO]   - unsubscribe
2025-04-29 20:44:53,627 [INFO]   - user_fees
2025-04-29 20:44:53,627 [INFO]   - user_fills
2025-04-29 20:44:53,627 [INFO]   - user_fills_by_time
2025-04-29 20:44:53,627 [INFO]   - user_funding_history
2025-04-29 20:44:53,628 [INFO]   - user_staking_delegations
2025-04-29 20:44:53,628 [INFO]   - user_staking_rewards
2025-04-29 20:44:53,628 [INFO]   - user_staking_summary
2025-04-29 20:44:53,628 [INFO]   - user_state
2025-04-29 20:44:53,628 [INFO]   - ws_manager
2025-04-29 20:44:53,629 [INFO] Available exchange methods:
2025-04-29 20:44:53,629 [INFO]   - DEFAULT_SLIPPAGE
2025-04-29 20:44:53,629 [INFO]   - account_address
2025-04-29 20:44:53,629 [INFO]   - approve_agent
2025-04-29 20:44:53,629 [INFO]   - approve_builder_fee
2025-04-29 20:44:53,629 [INFO]   - base_url
2025-04-29 20:44:53,629 [INFO]   - bulk_cancel
2025-04-29 20:44:53,629 [INFO]   - bulk_cancel_by_cloid
2025-04-29 20:44:53,629 [INFO]   - bulk_modify_orders_new
2025-04-29 20:44:53,631 [INFO]   - bulk_orders
2025-04-29 20:44:53,631 [INFO]   - cancel
2025-04-29 20:44:53,631 [INFO]   - cancel_by_cloid
2025-04-29 20:44:53,631 [INFO]   - convert_to_multi_sig_user
2025-04-29 20:44:53,631 [INFO]   - create_sub_account
2025-04-29 20:44:53,632 [INFO]   - expires_after
2025-04-29 20:44:53,632 [INFO]   - info
2025-04-29 20:44:53,632 [INFO]   - market_close
2025-04-29 20:44:53,632 [INFO]   - market_open
2025-04-29 20:44:53,632 [INFO]   - modify_order
2025-04-29 20:44:53,632 [INFO]   - multi_sig
2025-04-29 20:44:53,632 [INFO]   - order
2025-04-29 20:44:53,632 [INFO]   - post
2025-04-29 20:44:53,633 [INFO]   - schedule_cancel
2025-04-29 20:44:53,633 [INFO]   - session
2025-04-29 20:44:53,633 [INFO]   - set_expires_after
2025-04-29 20:44:53,633 [INFO]   - set_referrer
2025-04-29 20:44:53,633 [INFO]   - spot_deploy_enable_freeze_privilege
2025-04-29 20:44:53,633 [INFO]   - spot_deploy_freeze_user
2025-04-29 20:44:53,633 [INFO]   - spot_deploy_genesis
2025-04-29 20:44:53,633 [INFO]   - spot_deploy_register_hyperliquidity
2025-04-29 20:44:53,633 [INFO]   - spot_deploy_register_spot
2025-04-29 20:44:53,633 [INFO]   - spot_deploy_register_token
2025-04-29 20:44:53,633 [INFO]   - spot_deploy_revoke_freeze_privilege
2025-04-29 20:44:53,633 [INFO]   - spot_deploy_set_deployer_trading_fee_share
2025-04-29 20:44:53,633 [INFO]   - spot_deploy_user_genesis
2025-04-29 20:44:53,633 [INFO]   - spot_transfer
2025-04-29 20:44:53,633 [INFO]   - sub_account_spot_transfer
2025-04-29 20:44:53,634 [INFO]   - sub_account_transfer
2025-04-29 20:44:53,634 [INFO]   - update_isolated_margin
2025-04-29 20:44:53,634 [INFO]   - update_leverage
2025-04-29 20:44:53,634 [INFO]   - usd_class_transfer
2025-04-29 20:44:53,634 [INFO]   - usd_transfer
2025-04-29 20:44:53,634 [INFO]   - use_big_blocks
2025-04-29 20:44:53,634 [INFO]   - vault_address
2025-04-29 20:44:53,634 [INFO]   - vault_usd_transfer
2025-04-29 20:44:53,634 [INFO]   - wallet
2025-04-29 20:44:53,634 [INFO]   - withdraw_from_bridge
2025-04-29 20:44:53,634 [INFO] Starting Hyperliquid trader
2025-04-29 20:44:53,634 [INFO] Attempting to retrieve account information...
2025-04-29 20:44:53,635 [INFO] Info methods:
2025-04-29 20:44:53,635 [INFO]   - all_mids
2025-04-29 20:44:53,635 [INFO]   - asset_to_sz_decimals
2025-04-29 20:44:53,635 [INFO]   - base_url
2025-04-29 20:44:53,635 [INFO]   - candles_snapshot
2025-04-29 20:44:53,635 [INFO]   - coin_to_asset
2025-04-29 20:44:53,635 [INFO]   - disconnect_websocket
2025-04-29 20:44:53,635 [INFO]   - frontend_open_orders
2025-04-29 20:44:53,635 [INFO]   - funding_history
2025-04-29 20:44:53,636 [INFO]   - l2_snapshot
2025-04-29 20:44:53,636 [INFO]   - meta
2025-04-29 20:44:53,636 [INFO]   - meta_and_asset_ctxs
2025-04-29 20:44:53,636 [INFO]   - name_to_asset
2025-04-29 20:44:53,636 [INFO]   - name_to_coin
2025-04-29 20:44:53,636 [INFO]   - open_orders
2025-04-29 20:44:53,636 [INFO]   - post
2025-04-29 20:44:53,636 [INFO]   - query_order_by_cloid
2025-04-29 20:44:53,637 [INFO]   - query_order_by_oid
2025-04-29 20:44:53,637 [INFO]   - query_referral_state
2025-04-29 20:44:53,637 [INFO]   - query_sub_accounts
2025-04-29 20:44:53,637 [INFO]   - query_user_to_multi_sig_signers
2025-04-29 20:44:53,637 [INFO]   - session
2025-04-29 20:44:53,637 [INFO]   - spot_meta
2025-04-29 20:44:53,637 [INFO]   - spot_meta_and_asset_ctxs
2025-04-29 20:44:53,637 [INFO]   - spot_user_state
2025-04-29 20:44:53,637 [INFO]   - subscribe
2025-04-29 20:44:53,638 [INFO]   - unsubscribe
2025-04-29 20:44:53,638 [INFO]   - user_fees
2025-04-29 20:44:53,638 [INFO]   - user_fills
2025-04-29 20:44:53,638 [INFO]   - user_fills_by_time
2025-04-29 20:44:53,638 [INFO]   - user_funding_history
2025-04-29 20:44:53,638 [INFO]   - user_staking_delegations
2025-04-29 20:44:53,638 [INFO]   - user_staking_rewards
2025-04-29 20:44:53,638 [INFO]   - user_staking_summary
2025-04-29 20:44:53,638 [INFO]   - user_state
2025-04-29 20:44:53,638 [INFO]   - ws_manager
2025-04-29 20:44:53,969 [INFO] SPOT USER STATE - FULL RESPONSE:
2025-04-29 20:44:53,969 [INFO] { 'balances': [ { 'coin': 'USDC',
                  'entryNtl': '0.0',
                  'hold': '0.0',
                  'token': 0,
                  'total': '59.93'}]}
2025-04-29 20:44:53,969 [INFO] Spot USDC Available: $59.93
2025-04-29 20:44:54,148 [INFO] USER STATE - FULL RESPONSE:
2025-04-29 20:44:54,149 [INFO] { 'assetPositions': [],
  'crossMaintenanceMarginUsed': '0.0',
  'crossMarginSummary': { 'accountValue': '705.211947',
                          'totalMarginUsed': '0.0',
                          'totalNtlPos': '0.0',
                          'totalRawUsd': '705.211947'},
  'marginSummary': { 'accountValue': '705.211947',
                     'totalMarginUsed': '0.0',
                     'totalNtlPos': '0.0',
                     'totalRawUsd': '705.211947'},
  'time': 1745981094132,
  'withdrawable': '705.211947'}
2025-04-29 20:44:54,150 [INFO] Perps Withdrawable: $705.21
2025-04-29 20:44:54,150 [INFO] Account Value: $705.21
2025-04-29 20:44:54,150 [INFO] Maintenance Margin: $0.00
2025-04-29 20:44:54,151 [INFO] POSITIONS FROM USER STATE:
2025-04-29 20:44:54,151 [INFO] []
2025-04-29 20:44:54,151 [WARNING] user_positions method not available
2025-04-29 20:44:54,151 [WARNING] positions method not available
2025-04-29 20:44:54,152 [WARNING] all_positions method not available
2025-04-29 20:44:54,152 [INFO] Trying open_orders method...
2025-04-29 20:44:54,329 [INFO] OPEN_ORDERS - FULL RESPONSE:
2025-04-29 20:44:54,329 [INFO] []
2025-04-29 20:44:54,330 [INFO] Trying meta method...
2025-04-29 20:44:54,513 [INFO] META - FULL RESPONSE (first 1000 chars):
2025-04-29 20:44:54,522 [INFO] { 'marginTables': [ [ 50,
                      { 'description': '',
                        'marginTiers': [ { 'lowerBound': '0.0',
                                           'maxLeverage': 50}]}],
                    [ 51,
                      { 'description': 'test 50x',
                        'marginTiers': [ { 'lowerBound': '0.0',
                                           'maxLeverage': 50},
                                         { 'lowerBound': '10000.0',
                                           'maxLeverage': 20},
                                         { 'lowerBound': '100000.0',
                                           'maxLeverage': 5}]}]],
  'universe': [ { 'marginTableId': 10,
                  'maxLeverage': 10,
                  'name': 'SOL',
                  'szDecimals': 2},
                { 'marginTableId': 3,
                  'maxLeverage': 3,
                  'name': 'APT',
                  'szDecimals': 2},
                { 'marginTableId': 50,
    ...
2025-04-29 20:44:54,523 [WARNING] ticker method not available
2025-04-29 20:48:06,716 [INFO] Websocket connected
2025-04-29 20:48:08,749 [INFO] Hyperliquid trader initialized with config: config.json
2025-04-29 20:48:08,750 [INFO] Using signals directory: ..\signals
2025-04-29 20:48:08,750 [INFO] Using TESTNET
2025-04-29 20:48:08,750 [INFO] Starting Hyperliquid trader
2025-04-29 20:48:08,936 [INFO] Spot USDC Available: $59.93
2025-04-29 20:48:09,123 [INFO] Account Value: $705.21
2025-04-29 20:48:09,123 [INFO] Perps Withdrawable: $705.21
2025-04-29 20:48:09,123 [INFO] Maintenance Margin: $0.00
2025-04-30 08:02:08,096 [INFO] Websocket connected
2025-04-30 08:02:10,089 [INFO] Hyperliquid trader initialized with config: config.json
2025-04-30 08:02:10,090 [INFO] Using signals directory: ..\signals
2025-04-30 08:02:10,090 [INFO] Using TESTNET
2025-04-30 08:02:10,090 [INFO] Starting Hyperliquid trader
2025-04-30 08:02:10,269 [INFO] Spot USDC Available: $59.93
2025-04-30 08:02:10,448 [INFO] Account Value: $705.21
2025-04-30 08:02:10,448 [INFO] Perps Withdrawable: $705.21
2025-04-30 08:02:10,448 [INFO] Maintenance Margin: $0.00
